<?xml version="1.0" encoding="UTF-8"?>
<testsuite xmlns:xsi="http://www.w3.org/2001/XMLSchema-instance" xsi:noNamespaceSchemaLocation="https://maven.apache.org/surefire/maven-surefire-plugin/xsd/surefire-test-report-3.0.xsd" version="3.0" name="org.example.ConsumerTest" time="1.301" tests="1" errors="0" skipped="0" failures="0">
  <properties>
    <property name="java.specification.version" value="21"/>
    <property name="sun.jnu.encoding" value="UTF-8"/>
    <property name="java.class.path" value="/Users/eddumelendez/Downloads/git/testcontainers-network-issue/consumer/target/test-classes:/Users/eddumelendez/Downloads/git/testcontainers-network-issue/consumer/target/classes:/Users/eddumelendez/.m2/repository/org/testcontainers/testcontainers/1.20.6/testcontainers-1.20.6.jar:/Users/eddumelendez/.m2/repository/junit/junit/4.13.2/junit-4.13.2.jar:/Users/eddumelendez/.m2/repository/org/hamcrest/hamcrest-core/1.3/hamcrest-core-1.3.jar:/Users/eddumelendez/.m2/repository/org/slf4j/slf4j-api/1.7.36/slf4j-api-1.7.36.jar:/Users/eddumelendez/.m2/repository/org/apache/commons/commons-compress/1.24.0/commons-compress-1.24.0.jar:/Users/eddumelendez/.m2/repository/org/rnorth/duct-tape/duct-tape/1.0.8/duct-tape-1.0.8.jar:/Users/eddumelendez/.m2/repository/org/jetbrains/annotations/17.0.0/annotations-17.0.0.jar:/Users/eddumelendez/.m2/repository/com/github/docker-java/docker-java-api/3.4.1/docker-java-api-3.4.1.jar:/Users/eddumelendez/.m2/repository/com/fasterxml/jackson/core/jackson-annotations/2.10.3/jackson-annotations-2.10.3.jar:/Users/eddumelendez/.m2/repository/com/github/docker-java/docker-java-transport-zerodep/3.4.1/docker-java-transport-zerodep-3.4.1.jar:/Users/eddumelendez/.m2/repository/com/github/docker-java/docker-java-transport/3.4.1/docker-java-transport-3.4.1.jar:/Users/eddumelendez/.m2/repository/net/java/dev/jna/jna/5.13.0/jna-5.13.0.jar:"/>
    <property name="java.vm.vendor" value="Eclipse Adoptium"/>
    <property name="sun.arch.data.model" value="64"/>
    <property name="java.vendor.url" value="https://adoptium.net/"/>
    <property name="os.name" value="Mac OS X"/>
    <property name="java.vm.specification.version" value="21"/>
    <property name="sun.java.launcher" value="SUN_STANDARD"/>
    <property name="user.country" value="MX"/>
    <property name="sun.boot.library.path" value="/Users/eddumelendez/.sdkman/candidates/java/21.0.5-tem/lib"/>
    <property name="sun.java.command" value="/Users/eddumelendez/Downloads/git/testcontainers-network-issue/consumer/target/surefire/surefirebooter-20250324153948684_8.jar /Users/eddumelendez/Downloads/git/testcontainers-network-issue/consumer/target/surefire 2025-03-24T15-39-45_865-jvmRun1 surefire-20250324153948684_6tmp surefire_1-20250324153948684_7tmp"/>
    <property name="http.nonProxyHosts" value="local|*.local|169.254/16|*.169.254/16"/>
    <property name="jdk.debug" value="release"/>
    <property name="surefire.test.class.path" value="/Users/eddumelendez/Downloads/git/testcontainers-network-issue/consumer/target/test-classes:/Users/eddumelendez/Downloads/git/testcontainers-network-issue/consumer/target/classes:/Users/eddumelendez/.m2/repository/org/testcontainers/testcontainers/1.20.6/testcontainers-1.20.6.jar:/Users/eddumelendez/.m2/repository/junit/junit/4.13.2/junit-4.13.2.jar:/Users/eddumelendez/.m2/repository/org/hamcrest/hamcrest-core/1.3/hamcrest-core-1.3.jar:/Users/eddumelendez/.m2/repository/org/slf4j/slf4j-api/1.7.36/slf4j-api-1.7.36.jar:/Users/eddumelendez/.m2/repository/org/apache/commons/commons-compress/1.24.0/commons-compress-1.24.0.jar:/Users/eddumelendez/.m2/repository/org/rnorth/duct-tape/duct-tape/1.0.8/duct-tape-1.0.8.jar:/Users/eddumelendez/.m2/repository/org/jetbrains/annotations/17.0.0/annotations-17.0.0.jar:/Users/eddumelendez/.m2/repository/com/github/docker-java/docker-java-api/3.4.1/docker-java-api-3.4.1.jar:/Users/eddumelendez/.m2/repository/com/fasterxml/jackson/core/jackson-annotations/2.10.3/jackson-annotations-2.10.3.jar:/Users/eddumelendez/.m2/repository/com/github/docker-java/docker-java-transport-zerodep/3.4.1/docker-java-transport-zerodep-3.4.1.jar:/Users/eddumelendez/.m2/repository/com/github/docker-java/docker-java-transport/3.4.1/docker-java-transport-3.4.1.jar:/Users/eddumelendez/.m2/repository/net/java/dev/jna/jna/5.13.0/jna-5.13.0.jar:"/>
    <property name="sun.cpu.endian" value="little"/>
    <property name="user.home" value="/Users/eddumelendez"/>
    <property name="user.language" value="en"/>
    <property name="java.specification.vendor" value="Oracle Corporation"/>
    <property name="java.version.date" value="2024-10-15"/>
    <property name="java.home" value="/Users/eddumelendez/.sdkman/candidates/java/21.0.5-tem"/>
    <property name="file.separator" value="/"/>
    <property name="basedir" value="/Users/eddumelendez/Downloads/git/testcontainers-network-issue/consumer"/>
    <property name="java.vm.compressedOopsMode" value="Zero based"/>
    <property name="line.separator" value="&#10;"/>
    <property name="java.vm.specification.vendor" value="Oracle Corporation"/>
    <property name="java.specification.name" value="Java Platform API Specification"/>
    <property name="apple.awt.application.name" value="ForkedBooter"/>
    <property name="surefire.real.class.path" value="/Users/eddumelendez/Downloads/git/testcontainers-network-issue/consumer/target/surefire/surefirebooter-20250324153948684_8.jar"/>
    <property name="sun.management.compiler" value="HotSpot 64-Bit Tiered Compilers"/>
    <property name="ftp.nonProxyHosts" value="local|*.local|169.254/16|*.169.254/16"/>
    <property name="java.runtime.version" value="21.0.5+11-LTS"/>
    <property name="user.name" value="eddumelendez"/>
    <property name="stdout.encoding" value="UTF-8"/>
    <property name="path.separator" value=":"/>
    <property name="os.version" value="15.3.2"/>
    <property name="java.runtime.name" value="OpenJDK Runtime Environment"/>
    <property name="file.encoding" value="UTF-8"/>
    <property name="java.vm.name" value="OpenJDK 64-Bit Server VM"/>
    <property name="java.vendor.version" value="Temurin-21.0.5+11"/>
    <property name="localRepository" value="/Users/eddumelendez/.m2/repository"/>
    <property name="java.vendor.url.bug" value="https://github.com/adoptium/adoptium-support/issues"/>
    <property name="java.io.tmpdir" value="/var/folders/s2/c0mfcl196_14tt3nzz220n480000gn/T/"/>
    <property name="java.version" value="21.0.5"/>
    <property name="user.dir" value="/Users/eddumelendez/Downloads/git/testcontainers-network-issue/consumer"/>
    <property name="os.arch" value="aarch64"/>
    <property name="java.vm.specification.name" value="Java Virtual Machine Specification"/>
    <property name="native.encoding" value="UTF-8"/>
    <property name="java.library.path" value="/Users/eddumelendez/Library/Java/Extensions:/Library/Java/Extensions:/Network/Library/Java/Extensions:/System/Library/Java/Extensions:/usr/lib/java:."/>
    <property name="java.vm.info" value="mixed mode, sharing"/>
    <property name="stderr.encoding" value="UTF-8"/>
    <property name="java.vendor" value="Eclipse Adoptium"/>
    <property name="java.vm.version" value="21.0.5+11-LTS"/>
    <property name="sun.io.unicode.encoding" value="UnicodeBig"/>
    <property name="socksNonProxyHosts" value="local|*.local|169.254/16|*.169.254/16"/>
    <property name="java.class.version" value="65.0"/>
  </properties>
  <testcase name="test" classname="org.example.ConsumerTest" time="1.281">
    <system-out><![CDATA[----
Network(id=4424e14a3fc504548f27173d2fb10e6dc88112a1b7f369c449adc816adae6e81, created=Fri Mar 28 00:55:20 CST 2025, name=bridge, scope=local, driver=bridge, enableIPv6=false, internal=false, ipam=Network.Ipam(driver=default, config=[Network.Ipam.Config(subnet=172.17.0.0/16, ipRange=null, gateway=172.17.0.1, networkID=null)], options=null), containers={}, options={com.docker.network.bridge.default_bridge=true, com.docker.network.bridge.enable_icc=true, com.docker.network.bridge.enable_ip_masquerade=true, com.docker.network.bridge.host_binding_ipv4=0.0.0.0, com.docker.network.bridge.name=docker0, com.docker.network.driver.mtu=1500}, attachable=false, labels={})
Network(id=d11ca4e8693810bdf5c69c197cbacd8ae788fc84673023d67a7e6db1456d4e7c, created=Tue Apr 01 11:17:19 CST 2025, name=dapr-network, scope=local, driver=bridge, enableIPv6=false, internal=false, ipam=Network.Ipam(driver=default, config=[Network.Ipam.Config(subnet=172.18.0.0/16, ipRange=null, gateway=172.18.0.1, networkID=null)], options=null), containers={}, options={}, attachable=false, labels={org.testcontainers=true, org.testcontainers.lang=java, org.testcontainers.sessionId=49674f8d-a2ac-415a-b204-67b5747ba8be, org.testcontainers.version=1.20.5})
Network(id=ebe55f0288cc15f86010e5680e5c4ac7c1872e5bc1970b78f37beff8b36fea79, created=Sun Feb 02 03:09:46 CST 2025, name=none, scope=local, driver=null, enableIPv6=false, internal=false, ipam=Network.Ipam(driver=default, config=null, options=null), containers={}, options={}, attachable=false, labels={})
Network(id=5c6b6d1e72943ccee1c5b26dfb0e50ccc3eff59b0c7d2604638097de4a87685d, created=Sun Feb 02 05:03:09 CST 2025, name=host, scope=local, driver=host, enableIPv6=false, internal=false, ipam=Network.Ipam(driver=default, config=null, options=null), containers={}, options={}, attachable=false, labels={})
----
----
Network(id=d11ca4e8693810bdf5c69c197cbacd8ae788fc84673023d67a7e6db1456d4e7c, created=Tue Apr 01 11:17:19 CST 2025, name=dapr-network, scope=local, driver=bridge, enableIPv6=false, internal=false, ipam=Network.Ipam(driver=default, config=[Network.Ipam.Config(subnet=172.18.0.0/16, ipRange=null, gateway=172.18.0.1, networkID=null)], options=null), containers={}, options={}, attachable=false, labels={org.testcontainers=true, org.testcontainers.lang=java, org.testcontainers.sessionId=49674f8d-a2ac-415a-b204-67b5747ba8be, org.testcontainers.version=1.20.5})
----
]]></system-out>
    <system-err><![CDATA[SLF4J: Failed to load class "org.slf4j.impl.StaticLoggerBinder".
SLF4J: Defaulting to no-operation (NOP) logger implementation
SLF4J: See http://www.slf4j.org/codes.html#StaticLoggerBinder for further details.
SLF4J: Failed to load class "org.slf4j.impl.StaticMDCBinder".
SLF4J: Defaulting to no-operation MDCAdapter implementation.
SLF4J: See http://www.slf4j.org/codes.html#no_static_mdc_binder for further details.
]]></system-err>
  </testcase>
</testsuite>